{"C:\\Users\\LENOVO\\Desktop\\bootcamp-isdi\\week-3\\202301-w3ch1-angel-contioso\\public\\index.js": {"path":"C:\\Users\\LENOVO\\Desktop\\bootcamp-isdi\\week-3\\202301-w3ch1-angel-contioso\\public\\index.js","statementMap":{"0":{"start":{"line":1,"column":29},"end":{"line":1,"column":42}},"1":{"start":{"line":1,"column":35},"end":{"line":1,"column":42}}},"fnMap":{"0":{"name":"(anonymous_0)","decl":{"start":{"line":1,"column":29},"end":{"line":1,"column":30}},"loc":{"start":{"line":1,"column":35},"end":{"line":1,"column":42}},"line":1}},"branchMap":{},"s":{"0":1,"1":1},"f":{"0":1},"b":{},"_coverageSchema":"1a1c01bbd47fc00a2c39e90264f33305004495a9","hash":"4aaffeb0e221a408412ec0db51e60fb330a47497"}
}
